  0.000000E+00  0.000000E+00  0.000000E+00  0.000000E+00  0.000000E+00  0.000000E+00  0.000000E+00
  1.667000E-01  0.000000E+00  0.000000E+00  0.000000E+00  0.000000E+00  0.000000E+00  0.000000E+00
  3.334000E-01  9.966703E+00  0.000000E+00  0.000000E+00  7.422287E-02  0.000000E+00  0.000000E+00
  5.001000E-01  9.291945E-04  0.000000E+00  0.000000E+00  2.765383E-01  0.000000E+00  0.000000E+00
  6.668000E-01  9.021596E-04  0.000000E+00  0.000000E+00  2.685064E-01  0.000000E+00  0.000000E+00
  8.335000E-01  8.759136E-04  2.892625-178  0.000000E+00  2.607078E-01  2.843795-182  0.000000E+00
  1.000200E+00  8.504311E-04  2.151009E-77  0.000000E+00  2.531357E-01  3.683258E-81  0.000000E+00
  1.166900E+00  8.256899E-04  5.648848E-23  0.000000E+00  2.457835E-01  1.983658E-26  0.000000E+00
  1.333600E+00  8.016686E-04  1.475992E-01  0.000000E+00  2.386449E-01  2.050055E-04  0.000000E+00
  1.500300E+00  7.783460E-04  9.372941E+00  6.624725-286  2.317136E-01  2.000932E-01  7.323549-290
  1.667000E+00  7.557020E-04  8.899904E-03  7.421525-185  2.249836E-01  2.650113E-01  1.096916-188
  1.833700E+00  7.337168E-04  8.644478E-03  2.177166-110  2.184491E-01  2.575442E-01  4.440848-114
  2.000400E+00  7.123711E-04  8.396741E-03  7.717874E-58  2.121043E-01  2.502874E-01  2.304444E-61
  2.167100E+00  6.916465E-04  8.156103E-03  1.024222E-23  2.059439E-01  2.432349E-01  5.034091E-27
  2.333800E+00  6.715248E-04  7.922361E-03  2.707509E-05  1.999624E-01  2.363811E-01  2.931848E-08
  2.500500E+00  6.519885E-04  7.695317E-03  7.607749E+00  1.941546E-01  2.297203E-01  5.092228E-02
  2.667200E+00  6.330205E-04  7.474779E-03  1.303276E+00  1.885154E-01  2.232470E-01  2.576433E-01
  2.833900E+00  6.146043E-04  7.260560E-03  1.620162E-02  1.830401E-01  2.169561E-01  2.541712E-01
  3.000600E+00  5.967240E-04  7.052481E-03  1.574434E-02  1.777238E-01  2.108423E-01  2.472299E-01
  3.167300E+00  5.793638E-04  6.850364E-03  1.529996E-02  1.725619E-01  2.049007E-01  2.404776E-01
  3.334000E+00  5.625087E-04  6.654039E-03  1.486812E-02  1.675499E-01  1.991265E-01  2.339094E-01
  3.500700E+00  5.461439E-04  6.463340E-03  1.444846E-02  1.626835E-01  1.935148E-01  2.275202E-01
  3.667400E+00  5.302552E-04  6.278105E-03  1.404065E-02  1.579585E-01  1.880613E-01  2.213051E-01
  3.834100E+00  5.148287E-04  6.098179E-03  1.364434E-02  1.533707E-01  1.827613E-01  2.152594E-01
  4.000800E+00  4.998511E-04  5.923409E-03  1.325921E-02  1.489161E-01  1.776106E-01  2.093785E-01
  4.167500E+00  4.853092E-04  5.753648E-03  1.288495E-02  1.445909E-01  1.726050E-01  2.036579E-01
  4.334200E+00  4.711903E-04  5.588751E-03  1.252125E-02  1.403913E-01  1.677404E-01  1.980932E-01
  4.500900E+00  4.574822E-04  5.428579E-03  1.216782E-02  1.363137E-01  1.630128E-01  1.926803E-01
  4.667600E+00  4.441729E-04  5.272998E-03  1.182435E-02  1.323545E-01  1.584183E-01  1.874149E-01
  4.834300E+00  4.312508E-04  5.121875E-03  1.149058E-02  1.285104E-01  1.539533E-01  1.822932E-01
  5.001000E+00  4.187047E-04  4.975083E-03  1.116623E-02  1.247778E-01  1.496141E-01  1.773111E-01
  5.167700E+00  4.065235E-04  4.832497E-03  1.085103E-02  1.211537E-01  1.453971E-01  1.724648E-01
  5.334400E+00  3.946967E-04  4.693998E-03  1.054472E-02  1.176349E-01  1.412989E-01  1.677507E-01
  5.501100E+00  3.832140E-04  4.559468E-03  1.024706E-02  1.142182E-01  1.373161E-01  1.631652E-01
  5.667800E+00  3.720653E-04  4.428792E-03  9.957793E-03  1.109008E-01  1.334455E-01  1.587048E-01
  5.834500E+00  3.612410E-04  4.301862E-03  9.676692E-03  1.076797E-01  1.296840E-01  1.543661E-01
  6.001200E+00  3.507316E-04  4.178569E-03  9.403524E-03  1.045522E-01  1.260284E-01  1.501457E-01
  6.167900E+00  3.405280E-04  4.058810E-03  9.138064E-03  1.015156E-01  1.224759E-01  1.460404E-01
  6.334600E+00  3.306212E-04  3.942482E-03  8.880096E-03  9.856709E-02  1.190234E-01  1.420472E-01
  6.501300E+00  3.210026E-04  3.829489E-03  8.629408E-03  9.570425E-02  1.156682E-01  1.381629E-01
  6.668000E+00  3.116638E-04  3.719733E-03  8.385794E-03  9.292456E-02  1.124075E-01  1.343846E-01
  6.834700E+00  3.025967E-04  3.613123E-03  8.149055E-03  9.022560E-02  1.092386E-01  1.307094E-01
  7.001400E+00  2.937934E-04  3.509568E-03  7.918998E-03  8.760504E-02  1.061591E-01  1.271345E-01
  7.168100E+00  2.852462E-04  3.408981E-03  7.695433E-03  8.506058E-02  1.031663E-01  1.236571E-01
  7.334800E+00  2.769477E-04  3.311276E-03  7.478177E-03  8.259003E-02  1.002579E-01  1.202747E-01
  7.501500E+00  2.688906E-04  3.216371E-03  7.267053E-03  8.019124E-02  9.743135E-02  1.169846E-01
  7.668200E+00  2.610679E-04  3.124187E-03  7.061887E-03  7.786212E-02  9.468449E-02  1.137843E-01
  7.834900E+00  2.534728E-04  3.034644E-03  6.862512E-03  7.560064E-02  9.201502E-02  1.106714E-01
  8.001600E+00  2.460986E-04  2.947667E-03  6.668763E-03  7.340485E-02  8.942077E-02  1.076435E-01
  8.168300E+00  2.389390E-04  2.863183E-03  6.480483E-03  7.127283E-02  8.689963E-02  1.046982E-01
  8.335000E+00  2.319876E-04  2.781120E-03  6.297516E-03  6.920274E-02  8.444952E-02  1.018334E-01
  8.501700E+00  2.252385E-04  2.701409E-03  6.119714E-03  6.719277E-02  8.206846E-02  9.904675E-02
  8.668400E+00  2.186858E-04  2.623982E-03  5.946930E-03  6.524118E-02  7.975450E-02  9.633623E-02
  8.835100E+00  2.123237E-04  2.548775E-03  5.779023E-03  6.334628E-02  7.750574E-02  9.369974E-02
  9.001800E+00  2.061466E-04  2.475722E-03  5.615854E-03  6.150641E-02  7.532035E-02  9.113525E-02
  9.168500E+00  2.001493E-04  2.404764E-03  5.457292E-03  5.971997E-02  7.319655E-02  8.864081E-02
  9.335200E+00  1.943265E-04  2.335838E-03  5.303204E-03  5.798543E-02  7.113260E-02  8.621450E-02
  9.501900E+00  1.886730E-04  2.268889E-03  5.153466E-03  5.630126E-02  6.912682E-02  8.385447E-02
  9.668600E+00  1.831840E-04  2.203858E-03  5.007955E-03  5.466601E-02  6.717756E-02  8.155891E-02
  9.835300E+00  1.778548E-04  2.140690E-03  4.866550E-03  5.307825E-02  6.528324E-02  7.932607E-02
  1.000200E+01  1.726805E-04  2.079334E-03  4.729137E-03  5.153661E-02  6.344231E-02  7.715423E-02
  1.016870E+01  1.676568E-04  2.019735E-03  4.595603E-03  5.003975E-02  6.165326E-02  7.504173E-02
  1.033540E+01  1.627792E-04  1.961845E-03  4.465838E-03  4.858636E-02  5.991464E-02  7.298696E-02
  1.050210E+01  1.580436E-04  1.905613E-03  4.339736E-03  4.717518E-02  5.822501E-02  7.098834E-02
  1.066880E+01  1.534457E-04  1.850994E-03  4.217193E-03  4.580500E-02  5.658301E-02  6.904434E-02
  1.083550E+01  1.489816E-04  1.797939E-03  4.098110E-03  4.447460E-02  5.498729E-02  6.715347E-02
  1.100220E+01  1.446473E-04  1.746406E-03  3.982388E-03  4.318285E-02  5.343655E-02  6.531428E-02
  1.116890E+01  1.404392E-04  1.696349E-03  3.869933E-03  4.192862E-02  5.192952E-02  6.352536E-02
  1.133560E+01  1.363534E-04  1.647727E-03  3.760652E-03  4.071081E-02  5.046496E-02  6.178534E-02
  1.150230E+01  1.323866E-04  1.600498E-03  3.654456E-03  3.952838E-02  4.904169E-02  6.009288E-02
  1.166900E+01  1.285351E-04  1.554623E-03  3.551258E-03  3.838029E-02  4.765854E-02  5.844670E-02
  1.183570E+01  1.247957E-04  1.510063E-03  3.450973E-03  3.726554E-02  4.631437E-02  5.684552E-02
  1.200240E+01  1.211651E-04  1.466780E-03  3.353519E-03  3.618318E-02  4.500810E-02  5.528812E-02
  1.216910E+01  1.176401E-04  1.424737E-03  3.258816E-03  3.513225E-02  4.373865E-02  5.377331E-02
  1.233580E+01  1.142176E-04  1.383899E-03  3.166787E-03  3.411184E-02  4.250498E-02  5.229992E-02
  1.250250E+01  1.108948E-04  1.344232E-03  3.077356E-03  3.312107E-02  4.130609E-02  5.086682E-02
  1.266920E+01  1.076685E-04  1.305702E-03  2.990449E-03  3.215908E-02  4.014100E-02  4.947292E-02
  1.283590E+01  1.045362E-04  1.268276E-03  2.905996E-03  3.122502E-02  3.900876E-02  4.811713E-02
  1.300260E+01  1.014950E-04  1.231922E-03  2.823927E-03  3.031810E-02  3.790843E-02  4.679843E-02
  1.316930E+01  9.854222E-05  1.196611E-03  2.744176E-03  2.943752E-02  3.683912E-02  4.551580E-02
  1.333600E+01  9.567538E-05  1.162312E-03  2.666675E-03  2.858251E-02  3.579997E-02  4.426826E-02
  1.350270E+01  9.289194E-05  1.128995E-03  2.591363E-03  2.775234E-02  3.479010E-02  4.305485E-02
  1.366940E+01  9.018948E-05  1.096634E-03  2.518177E-03  2.694628E-02  3.380871E-02  4.187463E-02
  1.383610E+01  8.756564E-05  1.065200E-03  2.447058E-03  2.616363E-02  3.285499E-02  4.072670E-02
  1.400280E+01  8.501813E-05  1.034667E-03  2.377946E-03  2.540371E-02  3.192816E-02  3.961018E-02
  1.416950E+01  8.254474E-05  1.005009E-03  2.310785E-03  2.466587E-02  3.102746E-02  3.852421E-02
  1.433620E+01  8.014330E-05  9.762014E-04  2.245521E-03  2.394945E-02  3.015216E-02  3.746796E-02
  1.450290E+01  7.781173E-05  9.482193E-04  2.182099E-03  2.325385E-02  2.930153E-02  3.644061E-02
  1.466960E+01  7.554799E-05  9.210392E-04  2.120468E-03  2.257844E-02  2.847489E-02  3.544138E-02
  1.483630E+01  7.335010E-05  8.946381E-04  2.060577E-03  2.192266E-02  2.767156E-02  3.446950E-02
  1.500300E+01  7.121616E-05  8.689937E-04  2.002378E-03  2.128592E-02  2.689088E-02  3.352422E-02
  1.516970E+01  6.914430E-05  8.440843E-04  1.945821E-03  2.066767E-02  2.613221E-02  3.260481E-02
  1.533640E+01  6.713272E-05  8.198889E-04  1.890861E-03  2.006738E-02  2.539494E-02  3.171058E-02
  1.550310E+01  6.517966E-05  7.963870E-04  1.837454E-03  1.948453E-02  2.467845E-02  3.084082E-02
  1.566980E+01  6.328341E-05  7.735587E-04  1.785554E-03  1.891860E-02  2.398217E-02  2.999487E-02
  1.583650E+01  6.144234E-05  7.513847E-04  1.735119E-03  1.836911E-02  2.330553E-02  2.917208E-02
  1.600320E+01  5.965482E-05  7.298463E-04  1.686109E-03  1.783559E-02  2.264796E-02  2.837182E-02
  1.616990E+01  5.791931E-05  7.089252E-04  1.638483E-03  1.731755E-02  2.200894E-02  2.759348E-02
  1.633660E+01  5.623429E-05  6.886038E-04  1.592201E-03  1.681457E-02  2.138794E-02  2.683645E-02
  1.650330E+01  5.459829E-05  6.688648E-04  1.547227E-03  1.632619E-02  2.078445E-02  2.610014E-02
  1.667000E+01  5.300989E-05  6.496916E-04  1.503522E-03  1.585200E-02  2.019798E-02  2.538401E-02
  1.683670E+01  5.146770E-05  6.310679E-04  1.461051E-03  1.539158E-02  1.962806E-02  2.468748E-02
  1.700340E+01  4.997037E-05  6.129781E-04  1.419780E-03  1.494453E-02  1.907420E-02  2.401004E-02
  1.717010E+01  4.851660E-05  5.954067E-04  1.379674E-03  1.451047E-02  1.853597E-02  2.335115E-02
  1.733680E+01  4.710513E-05  5.783390E-04  1.340701E-03  1.408902E-02  1.801291E-02  2.271031E-02
  1.750350E+01  4.573472E-05  5.617606E-04  1.302828E-03  1.367980E-02  1.750461E-02  2.208702E-02
  1.767020E+01  4.440418E-05  5.456573E-04  1.266025E-03  1.328248E-02  1.701064E-02  2.148081E-02
  1.783690E+01  4.311235E-05  5.300156E-04  1.230261E-03  1.289669E-02  1.653061E-02  2.089121E-02
  1.800360E+01  4.185810E-05  5.148222E-04  1.195507E-03  1.252210E-02  1.606411E-02  2.031776E-02
  1.817030E+01  4.064034E-05  5.000643E-04  1.161735E-03  1.215840E-02  1.561077E-02  1.976002E-02
  1.833700E+01  3.945801E-05  4.857294E-04  1.128916E-03  1.180526E-02  1.517022E-02  1.921757E-02
  1.850370E+01  3.831008E-05  4.718054E-04  1.097024E-03  1.146238E-02  1.474210E-02  1.868998E-02
  1.867040E+01  3.719554E-05  4.582806E-04  1.066033E-03  1.112945E-02  1.432605E-02  1.817685E-02
  1.883710E+01  3.611343E-05  4.451434E-04  1.035917E-03  1.080620E-02  1.392174E-02  1.767778E-02
  1.900380E+01  3.506279E-05  4.323827E-04  1.006651E-03  1.049233E-02  1.352883E-02  1.719239E-02
  1.917050E+01  3.404273E-05  4.199879E-04  9.782123E-04  1.018759E-02  1.314701E-02  1.672031E-02
  1.933720E+01  3.305234E-05  4.079483E-04  9.505765E-04  9.891688E-03  1.277595E-02  1.626116E-02
  1.950390E+01  3.209076E-05  3.962538E-04  9.237212E-04  9.604384E-03  1.241537E-02  1.581460E-02
  1.967060E+01  3.115716E-05  3.848945E-04  8.976243E-04  9.325426E-03  1.206495E-02  1.538029E-02
  1.983730E+01  3.025072E-05  3.738608E-04  8.722645E-04  9.054569E-03  1.172442E-02  1.495788E-02
  2.000400E+01  2.937064E-05  3.631434E-04  8.476209E-04  8.791579E-03  1.139350E-02  1.454705E-02
  2.017070E+01  2.851618E-05  3.527332E-04  8.236734E-04  8.536228E-03  1.107191E-02  1.414748E-02
  2.033740E+01  2.768657E-05  3.426214E-04  8.004022E-04  8.288294E-03  1.075940E-02  1.375887E-02
  2.050410E+01  2.688109E-05  3.327995E-04  7.777883E-04  8.047561E-03  1.045570E-02  1.338092E-02
  2.067080E+01  2.609905E-05  3.232591E-04  7.558131E-04  7.813819E-03  1.016057E-02  1.301333E-02
  2.083750E+01  2.533977E-05  3.139922E-04  7.344585E-04  7.586867E-03  9.873764E-03  1.265582E-02
  2.100420E+01  2.460257E-05  3.049909E-04  7.137072E-04  7.366507E-03  9.595051E-03  1.230811E-02
  2.117090E+01  2.388681E-05  2.962476E-04  6.935419E-04  7.152547E-03  9.324202E-03  1.196995E-02
  2.133760E+01  2.319189E-05  2.877549E-04  6.739462E-04  6.944801E-03  9.060995E-03  1.164105E-02
  2.150430E+01  2.251717E-05  2.795057E-04  6.549040E-04  6.743089E-03  8.805213E-03  1.132118E-02
  2.167100E+01  2.186209E-05  2.714930E-04  6.363997E-04  6.547236E-03  8.556649E-03  1.101008E-02
  2.183770E+01  2.122607E-05  2.637099E-04  6.184181E-04  6.357072E-03  8.315097E-03  1.070752E-02
  2.200440E+01  2.060855E-05  2.561499E-04  6.009443E-04  6.172430E-03  8.080362E-03  1.041326E-02
  2.217110E+01  2.000899E-05  2.488067E-04  5.839642E-04  5.993152E-03  7.852249E-03  1.012707E-02
  2.233780E+01  1.942688E-05  2.416739E-04  5.674636E-04  5.819081E-03  7.630573E-03  9.848733E-03
  2.250450E+01  1.886170E-05  2.347456E-04  5.514292E-04  5.650065E-03  7.415152E-03  9.578032E-03
  2.267120E+01  1.831296E-05  2.280159E-04  5.358477E-04  5.485959E-03  7.205810E-03  9.314760E-03
  2.283790E+01  1.778019E-05  2.214792E-04  5.207064E-04  5.326619E-03  7.002374E-03  9.058712E-03
  2.300460E+01  1.726292E-05  2.151298E-04  5.059927E-04  5.171907E-03  6.804680E-03  8.809690E-03
  2.317130E+01  1.676070E-05  2.089624E-04  4.916947E-04  5.021689E-03  6.612564E-03  8.567503E-03
  2.333800E+01  1.627309E-05  2.029718E-04  4.778006E-04  4.875834E-03  6.425869E-03  8.331962E-03
  2.350470E+01  1.579966E-05  1.971529E-04  4.642990E-04  4.734215E-03  6.244443E-03  8.102886E-03
  2.367140E+01  1.534001E-05  1.915008E-04  4.511787E-04  4.596709E-03  6.068136E-03  7.880098E-03
  2.383810E+01  1.489373E-05  1.860108E-04  4.384292E-04  4.463198E-03  5.896805E-03  7.663425E-03
  2.400480E+01  1.446043E-05  1.806781E-04  4.260398E-04  4.333564E-03  5.730309E-03  7.452700E-03
